<?xml version="1.0" encoding="UTF-8"?>
<!-- Generated by org.testng.reporters.JUnitReportReporter -->
<testsuite hostname="Manjunath" failures="0" tests="1" name="extentReports_In_Framework.Script" time="0.011" errors="0" timestamp="25 Sep 2021 04:56:11 GMT" skipped="0">
  <testcase classname="extentReports_In_Framework.Script" name="createContact" time="0.011"/>
</testsuite> <!-- extentReports_In_Framework.Script -->
