<?xml version="1.0" encoding="UTF-8"?>
<!-- Generated by org.testng.reporters.JUnitReportReporter -->
<testsuite hostname="Manjunath" failures="0" tests="1" name="dataProviders.JSONDataprovider" time="0.009" errors="0" timestamp="22 Sep 2021 09:39:16 GMT" skipped="0">
  <testcase classname="dataProviders.JSONDataprovider" name="testScript" time="0.009"/>
</testsuite> <!-- dataProviders.JSONDataprovider -->
