<?xml version="1.0" encoding="UTF-8"?>
<!-- Generated by org.testng.reporters.JUnitReportReporter -->
<testsuite hostname="Manjunath" failures="0" tests="4" name="listeners_5_ControllingScript.Runner" time="0.009" errors="0" timestamp="22 Sep 2021 15:31:19 GMT" skipped="1">
  <testcase classname="listeners_5_ControllingScript.Runner" name="testCase3" time="0.002"/>
  <testcase classname="listeners_5_ControllingScript.Runner" name="testCase1" time="0.005"/>
  <testcase classname="listeners_5_ControllingScript.Runner" name="testCase4" time="0.002"/>
  <testcase classname="listeners_5_ControllingScript.Runner" name="testCase2">
    <skipped/>
  </testcase> <!-- testCase2 -->
</testsuite> <!-- listeners_5_ControllingScript.Runner -->
