<?xml version="1.0" encoding="UTF-8"?>
<!-- Generated by org.testng.reporters.JUnitReportReporter -->
<testsuite hostname="Manjunath" failures="0" tests="4" name="listeners_4_ControllingScript.Runner" time="0.019" errors="0" timestamp="25 Sep 2021 15:34:09 GMT" skipped="0">
  <testcase classname="listeners_4_ControllingScript.Runner" name="testCase3" time="0.006"/>
  <testcase classname="listeners_4_ControllingScript.Runner" name="testCase1" time="0.006"/>
  <testcase classname="listeners_4_ControllingScript.Runner" name="testCase4" time="0.003"/>
  <testcase classname="listeners_4_ControllingScript.Runner" name="testCase2" time="0.004"/>
</testsuite> <!-- listeners_4_ControllingScript.Runner -->
