<?xml version="1.0" encoding="UTF-8"?>
<!-- Generated by org.testng.reporters.JUnitReportReporter -->
<testsuite hostname="Manjunath" failures="0" tests="1" name="extentReports_In_Framework_Listeners.Script" time="0.013" errors="0" timestamp="25 Sep 2021 13:00:02 GMT" skipped="0">
  <testcase classname="extentReports_In_Framework_Listeners.Script" name="createContact" time="0.013"/>
</testsuite> <!-- extentReports_In_Framework_Listeners.Script -->
