<?xml version="1.0" encoding="UTF-8"?>
<!-- Generated by org.testng.reporters.JUnitReportReporter -->
<testsuite skipped="0" hostname="Manjunath" name="listeners_normal.Runner" tests="1" failures="0" timestamp="22 Sep 2021 02:02:07 GMT" time="0.011" errors="0">
  <testcase name="TestCase" time="0.011" classname="listeners_normal.Runner"/>
</testsuite> <!-- listeners_normal.Runner -->
