<?xml version="1.0" encoding="UTF-8"?>
<!-- Generated by org.testng.reporters.JUnitReportReporter -->
<testsuite hostname="Manjunath" failures="0" tests="1" name="extentReports.TestScript" time="0.012" errors="0" timestamp="25 Sep 2021 03:51:30 GMT" skipped="0">
  <testcase classname="extentReports.TestScript" name="testCase1" time="0.012"/>
</testsuite> <!-- extentReports.TestScript -->
