<?xml version="1.0" encoding="UTF-8"?>
<!-- Generated by org.testng.reporters.JUnitReportReporter -->
<testsuite hostname="Manjunath" failures="0" tests="10" name="dataProviders.DataProviderWithoutColumnNames" time="0.067" errors="0" timestamp="22 Sep 2021 04:24:19 GMT" skipped="0">
  <testcase classname="dataProviders.DataProviderWithoutColumnNames" name="testScript" time="0.020"/>
  <testcase classname="dataProviders.DataProviderWithoutColumnNames" name="testScript" time="0.009"/>
  <testcase classname="dataProviders.DataProviderWithoutColumnNames" name="testScript" time="0.001"/>
  <testcase classname="dataProviders.DataProviderWithoutColumnNames" name="testScript" time="0.003"/>
  <testcase classname="dataProviders.DataProviderWithoutColumnNames" name="testScript" time="0.002"/>
  <testcase classname="dataProviders.DataProviderWithoutColumnNames" name="testScript" time="0.002"/>
  <testcase classname="dataProviders.DataProviderWithoutColumnNames" name="testScript" time="0.009"/>
  <testcase classname="dataProviders.DataProviderWithoutColumnNames" name="testScript" time="0.007"/>
  <testcase classname="dataProviders.DataProviderWithoutColumnNames" name="testScript" time="0.005"/>
  <testcase classname="dataProviders.DataProviderWithoutColumnNames" name="testScript" time="0.009"/>
</testsuite> <!-- dataProviders.DataProviderWithoutColumnNames -->
