<?xml version="1.0" encoding="UTF-8"?>
<!-- Generated by org.testng.reporters.JUnitReportReporter -->
<testsuite hostname="Manjunath" failures="0" tests="10" name="extentReports_Parallel.Script" time="0.109" errors="0" timestamp="25 Sep 2021 04:11:35 GMT" skipped="0">
  <testcase classname="extentReports_Parallel.Script" name="createContact" time="0.010"/>
  <testcase classname="extentReports_Parallel.Script" name="createContact" time="0.003"/>
  <testcase classname="extentReports_Parallel.Script" name="createContact" time="0.009"/>
  <testcase classname="extentReports_Parallel.Script" name="createContact" time="0.026"/>
  <testcase classname="extentReports_Parallel.Script" name="createContact" time="0.029"/>
  <testcase classname="extentReports_Parallel.Script" name="createContact" time="0.016"/>
  <testcase classname="extentReports_Parallel.Script" name="createContact" time="0.007"/>
  <testcase classname="extentReports_Parallel.Script" name="createContact" time="0.003"/>
  <testcase classname="extentReports_Parallel.Script" name="createContact" time="0.004"/>
  <testcase classname="extentReports_Parallel.Script" name="createContact" time="0.002"/>
</testsuite> <!-- extentReports_Parallel.Script -->
