<?xml version="1.0" encoding="UTF-8"?>
<!-- Generated by org.testng.reporters.JUnitReportReporter -->
<testsuite hostname="Manjunath" failures="0" tests="15" name="listeners_2_advanced.Runner" time="0.040" errors="0" timestamp="22 Sep 2021 13:43:35 GMT" skipped="0">
  <testcase classname="listeners_2_advanced.Runner" name="testCase3" time="0.002"/>
  <testcase classname="listeners_2_advanced.Runner" name="testCase1" time="0.002"/>
  <testcase classname="listeners_2_advanced.Runner" name="testCase3" time="0.002"/>
  <testcase classname="listeners_2_advanced.Runner" name="testCase1" time="0.003"/>
  <testcase classname="listeners_2_advanced.Runner" name="testCase1" time="0.002"/>
  <testcase classname="listeners_2_advanced.Runner" name="testCase3" time="0.003"/>
  <testcase classname="listeners_2_advanced.Runner" name="testCase2" time="0.002"/>
  <testcase classname="listeners_2_advanced.Runner" name="testCase2" time="0.004"/>
  <testcase classname="listeners_2_advanced.Runner" name="testCase3" time="0.002"/>
  <testcase classname="listeners_2_advanced.Runner" name="testCase1" time="0.005"/>
  <testcase classname="listeners_2_advanced.Runner" name="testCase3" time="0.002"/>
  <testcase classname="listeners_2_advanced.Runner" name="testCase2" time="0.002"/>
  <testcase classname="listeners_2_advanced.Runner" name="testCase2" time="0.006"/>
  <testcase classname="listeners_2_advanced.Runner" name="testCase2" time="0.001"/>
  <testcase classname="listeners_2_advanced.Runner" name="testCase1" time="0.002"/>
</testsuite> <!-- listeners_2_advanced.Runner -->
