<?xml version="1.0" encoding="UTF-8"?>
<!-- Generated by org.testng.reporters.JUnitReportReporter -->
<testsuite hostname="Manjunath" failures="0" tests="1" name="listeners_3_disablingScript.Runner" time="0.008" errors="0" timestamp="22 Sep 2021 14:18:29 GMT" skipped="0">
  <testcase classname="listeners_3_disablingScript.Runner" name="testCase1" time="0.008"/>
</testsuite> <!-- listeners_3_disablingScript.Runner -->
