<?xml version="1.0" encoding="UTF-8"?>
<!-- Generated by org.testng.reporters.JUnitReportReporter -->
<testsuite hostname="Manjunath" failures="0" tests="3" name="dataProvidersParallel.ParallelDataProviders" time="12.019" errors="0" timestamp="24 Sep 2021 15:08:22 GMT" skipped="0">
  <testcase classname="dataProvidersParallel.ParallelDataProviders" name="createContact" time="3.844"/>
  <testcase classname="dataProvidersParallel.ParallelDataProviders" name="createContact" time="3.910"/>
  <testcase classname="dataProvidersParallel.ParallelDataProviders" name="createContact" time="4.265"/>
</testsuite> <!-- dataProvidersParallel.ParallelDataProviders -->
