<?xml version="1.0" encoding="UTF-8"?>
<!-- Generated by org.testng.reporters.JUnitReportReporter -->
<testsuite hostname="Manjunath" failures="0" tests="1" name="extentReports.Script" time="0.015" errors="0" timestamp="24 Sep 2021 13:23:15 GMT" skipped="0">
  <testcase classname="extentReports.Script" name="testScript" time="0.015"/>
</testsuite> <!-- extentReports.Script -->
