<?xml version="1.0" encoding="UTF-8"?>
<!-- Generated by org.testng.reporters.JUnitReportReporter -->
<testsuite hostname="Manjunath" failures="0" tests="10" name="dataProviders.Testsdd" time="0.038" errors="0" timestamp="22 Sep 2021 07:32:24 GMT" skipped="0">
  <testcase classname="dataProviders.Testsdd" name="testScript" time="0.008"/>
  <testcase classname="dataProviders.Testsdd" name="testScript" time="0.005"/>
  <testcase classname="dataProviders.Testsdd" name="testScript" time="0.002"/>
  <testcase classname="dataProviders.Testsdd" name="testScript" time="0.005"/>
  <testcase classname="dataProviders.Testsdd" name="testScript" time="0.003"/>
  <testcase classname="dataProviders.Testsdd" name="testScript" time="0.003"/>
  <testcase classname="dataProviders.Testsdd" name="testScript" time="0.006"/>
  <testcase classname="dataProviders.Testsdd" name="testScript" time="0.001"/>
  <testcase classname="dataProviders.Testsdd" name="testScript" time="0.003"/>
  <testcase classname="dataProviders.Testsdd" name="testScript" time="0.002"/>
</testsuite> <!-- dataProviders.Testsdd -->
