<?xml version="1.0" encoding="UTF-8"?>
<!-- Generated by org.testng.reporters.JUnitReportReporter -->
<testsuite hostname="Manjunath" failures="0" tests="10" name="dataProvidersParallel.Script" time="227.865" errors="0" timestamp="24 Sep 2021 16:23:16 GMT" skipped="0">
  <testcase classname="dataProvidersParallel.Script" name="createContact" time="25.043"/>
  <testcase classname="dataProvidersParallel.Script" name="createContact" time="23.169"/>
  <testcase classname="dataProvidersParallel.Script" name="createContact" time="24.113"/>
  <testcase classname="dataProvidersParallel.Script" name="createContact" time="24.229"/>
  <testcase classname="dataProvidersParallel.Script" name="createContact" time="23.811"/>
  <testcase classname="dataProvidersParallel.Script" name="createContact" time="23.791"/>
  <testcase classname="dataProvidersParallel.Script" name="createContact" time="11.343"/>
  <testcase classname="dataProvidersParallel.Script" name="createContact" time="23.673"/>
  <testcase classname="dataProvidersParallel.Script" name="createContact" time="23.985"/>
  <testcase classname="dataProvidersParallel.Script" name="createContact" time="24.708"/>
</testsuite> <!-- dataProvidersParallel.Script -->
