<?xml version="1.0" encoding="UTF-8"?>
<!-- Generated by org.testng.reporters.JUnitReportReporter -->
<testsuite skipped="0" hostname="Manjunath" name="dataProviders.MultipleDataProvidersWithOneTest" tests="6" failures="0" timestamp="21 Sep 2021 08:59:09 GMT" time="0.029" errors="0">
  <testcase name="TestCase1" time="0.003" classname="dataProviders.MultipleDataProvidersWithOneTest"/>
  <testcase name="TestCase1" time="0.002" classname="dataProviders.MultipleDataProvidersWithOneTest"/>
  <testcase name="TestCase2" time="0.002" classname="dataProviders.MultipleDataProvidersWithOneTest"/>
  <testcase name="TestCase2" time="0.002" classname="dataProviders.MultipleDataProvidersWithOneTest"/>
  <testcase name="TestCase2" time="0.002" classname="dataProviders.MultipleDataProvidersWithOneTest"/>
  <testcase name="TestCase1" time="0.018" classname="dataProviders.MultipleDataProvidersWithOneTest"/>
</testsuite> <!-- dataProviders.MultipleDataProvidersWithOneTest -->
